{"/Users/lingoace/IdeaProjects/dream-writer/server/src/middleware/errorHandler.ts": {"path":"/Users/lingoace/IdeaProjects/dream-writer/server/src/middleware/errorHandler.ts","statementMap":{"0":{"start":{"line":17,"column":0},"end":{"line":17,"column":16}},"1":{"start":{"line":2,"column":0},"end":{"line":2,"column":31}},"2":{"start":{"line":3,"column":0},"end":{"line":3,"column":60}},"3":{"start":{"line":12,"column":4},"end":{"line":12,"column":19}},"4":{"start":{"line":7,"column":11},"end":{"line":7,"column":29}},"5":{"start":{"line":9,"column":11},"end":{"line":9,"column":24}},"6":{"start":{"line":10,"column":11},"end":{"line":10,"column":28}},"7":{"start":{"line":13,"column":4},"end":{"line":13,"column":27}},"8":{"start":{"line":5,"column":0},"end":{"line":5,"column":13}},"9":{"start":{"line":18,"column":2},"end":{"line":18,"column":30}},"10":{"start":{"line":18,"column":23},"end":{"line":18,"column":30}},"11":{"start":{"line":21,"column":2},"end":{"line":27,"column":3}},"12":{"start":{"line":22,"column":4},"end":{"line":25,"column":7}},"13":{"start":{"line":26,"column":4},"end":{"line":26,"column":11}},"14":{"start":{"line":30,"column":2},"end":{"line":36,"column":3}},"15":{"start":{"line":31,"column":4},"end":{"line":34,"column":7}},"16":{"start":{"line":35,"column":4},"end":{"line":35,"column":11}},"17":{"start":{"line":39,"column":2},"end":{"line":50,"column":3}},"18":{"start":{"line":40,"column":19},"end":{"line":40,"column":73}},"19":{"start":{"line":41,"column":4},"end":{"line":48,"column":7}},"20":{"start":{"line":49,"column":4},"end":{"line":49,"column":11}},"21":{"start":{"line":53,"column":2},"end":{"line":53,"column":41}},"22":{"start":{"line":54,"column":2},"end":{"line":57,"column":5}}},"fnMap":{"0":{"name":"(anonymous_0)","decl":{"start":{"line":6,"column":2},"end":{"line":6,"column":null}},"loc":{"start":{"line":10,"column":28},"end":{"line":14,"column":3}}},"1":{"name":"errorHandler","decl":{"start":{"line":17,"column":16},"end":{"line":17,"column":28}},"loc":{"start":{"line":17,"column":90},"end":{"line":58,"column":1}}}},"branchMap":{"0":{"loc":{"start":{"line":18,"column":2},"end":{"line":18,"column":30}},"type":"if","locations":[{"start":{"line":18,"column":2},"end":{"line":18,"column":30}},{"start":{},"end":{}}]},"1":{"loc":{"start":{"line":21,"column":2},"end":{"line":27,"column":3}},"type":"if","locations":[{"start":{"line":21,"column":2},"end":{"line":27,"column":3}},{"start":{},"end":{}}]},"2":{"loc":{"start":{"line":30,"column":2},"end":{"line":36,"column":3}},"type":"if","locations":[{"start":{"line":30,"column":2},"end":{"line":36,"column":3}},{"start":{},"end":{}}]},"3":{"loc":{"start":{"line":33,"column":24},"end":{"line":33,"column":58}},"type":"binary-expr","locations":[{"start":{"line":33,"column":24},"end":{"line":33,"column":46}},{"start":{"line":33,"column":50},"end":{"line":33,"column":58}}]},"4":{"loc":{"start":{"line":39,"column":2},"end":{"line":50,"column":3}},"type":"if","locations":[{"start":{"line":39,"column":2},"end":{"line":50,"column":3}},{"start":{},"end":{}}]},"5":{"loc":{"start":{"line":40,"column":19},"end":{"line":40,"column":73}},"type":"cond-expr","locations":[{"start":{"line":40,"column":44},"end":{"line":40,"column":47}},{"start":{"line":40,"column":51},"end":{"line":40,"column":72}}]},"6":{"loc":{"start":{"line":40,"column":51},"end":{"line":40,"column":72}},"type":"binary-expr","locations":[{"start":{"line":40,"column":51},"end":{"line":40,"column":65}},{"start":{"line":40,"column":69},"end":{"line":40,"column":72}}]},"7":{"loc":{"start":{"line":46,"column":17},"end":{"line":46,"column":132}},"type":"cond-expr","locations":[{"start":{"line":46,"column":58},"end":{"line":46,"column":120}},{"start":{"line":46,"column":123},"end":{"line":46,"column":132}}]}},"s":{"0":1,"1":1,"2":1,"3":2,"4":2,"5":2,"6":2,"7":2,"8":1,"9":4,"10":1,"11":3,"12":1,"13":1,"14":2,"15":0,"16":0,"17":2,"18":1,"19":1,"20":1,"21":1,"22":1},"f":{"0":2,"1":4},"b":{"0":[1,3],"1":[1,2],"2":[0,2],"3":[0,0],"4":[1,1],"5":[1,0],"6":[0,0],"7":[0,1]}}
,"/Users/lingoace/IdeaProjects/dream-writer/server/src/services/StyleService.ts": {"path":"/Users/lingoace/IdeaProjects/dream-writer/server/src/services/StyleService.ts","statementMap":{"0":{"start":{"line":5,"column":0},"end":{"line":5,"column":7}},"1":{"start":{"line":64,"column":0},"end":{"line":64,"column":16}},"2":{"start":{"line":194,"column":0},"end":{"line":194,"column":16}},"3":{"start":{"line":211,"column":0},"end":{"line":211,"column":7}},"4":{"start":{"line":232,"column":0},"end":{"line":232,"column":7}},"5":{"start":{"line":1,"column":0},"end":{"line":1,"column":38}},"6":{"start":{"line":2,"column":0},"end":{"line":2,"column":64}},"7":{"start":{"line":20,"column":18},"end":{"line":25,"column":4}},"8":{"start":{"line":27,"column":2},"end":{"line":44,"column":3}},"9":{"start":{"line":29,"column":4},"end":{"line":43,"column":6}},"10":{"start":{"line":46,"column":2},"end":{"line":60,"column":4}},"11":{"start":{"line":65,"column":26},"end":{"line":65,"column":28}},"12":{"start":{"line":68,"column":2},"end":{"line":78,"column":3}},"13":{"start":{"line":70,"column":6},"end":{"line":70,"column":31}},"14":{"start":{"line":71,"column":6},"end":{"line":71,"column":12}},"15":{"start":{"line":73,"column":6},"end":{"line":73,"column":33}},"16":{"start":{"line":74,"column":6},"end":{"line":74,"column":12}},"17":{"start":{"line":76,"column":6},"end":{"line":76,"column":29}},"18":{"start":{"line":77,"column":6},"end":{"line":77,"column":12}},"19":{"start":{"line":81,"column":2},"end":{"line":88,"column":3}},"20":{"start":{"line":83,"column":6},"end":{"line":83,"column":27}},"21":{"start":{"line":84,"column":6},"end":{"line":84,"column":12}},"22":{"start":{"line":86,"column":6},"end":{"line":86,"column":27}},"23":{"start":{"line":87,"column":6},"end":{"line":87,"column":12}},"24":{"start":{"line":91,"column":2},"end":{"line":101,"column":3}},"25":{"start":{"line":93,"column":6},"end":{"line":93,"column":34}},"26":{"start":{"line":94,"column":6},"end":{"line":94,"column":12}},"27":{"start":{"line":96,"column":6},"end":{"line":96,"column":30}},"28":{"start":{"line":97,"column":6},"end":{"line":97,"column":12}},"29":{"start":{"line":99,"column":6},"end":{"line":99,"column":35}},"30":{"start":{"line":100,"column":6},"end":{"line":100,"column":12}},"31":{"start":{"line":104,"column":2},"end":{"line":114,"column":3}},"32":{"start":{"line":106,"column":6},"end":{"line":106,"column":31}},"33":{"start":{"line":107,"column":6},"end":{"line":107,"column":12}},"34":{"start":{"line":109,"column":6},"end":{"line":109,"column":32}},"35":{"start":{"line":110,"column":6},"end":{"line":110,"column":12}},"36":{"start":{"line":112,"column":6},"end":{"line":112,"column":31}},"37":{"start":{"line":113,"column":6},"end":{"line":113,"column":12}},"38":{"start":{"line":117,"column":2},"end":{"line":127,"column":3}},"39":{"start":{"line":119,"column":6},"end":{"line":119,"column":28}},"40":{"start":{"line":120,"column":6},"end":{"line":120,"column":12}},"41":{"start":{"line":122,"column":6},"end":{"line":122,"column":34}},"42":{"start":{"line":123,"column":6},"end":{"line":123,"column":12}},"43":{"start":{"line":125,"column":6},"end":{"line":125,"column":32}},"44":{"start":{"line":126,"column":6},"end":{"line":126,"column":12}},"45":{"start":{"line":130,"column":2},"end":{"line":140,"column":3}},"46":{"start":{"line":132,"column":6},"end":{"line":132,"column":30}},"47":{"start":{"line":133,"column":6},"end":{"line":133,"column":12}},"48":{"start":{"line":135,"column":6},"end":{"line":135,"column":28}},"49":{"start":{"line":136,"column":6},"end":{"line":136,"column":12}},"50":{"start":{"line":138,"column":6},"end":{"line":138,"column":29}},"51":{"start":{"line":139,"column":6},"end":{"line":139,"column":12}},"52":{"start":{"line":143,"column":2},"end":{"line":153,"column":3}},"53":{"start":{"line":145,"column":6},"end":{"line":145,"column":30}},"54":{"start":{"line":146,"column":6},"end":{"line":146,"column":12}},"55":{"start":{"line":148,"column":6},"end":{"line":148,"column":27}},"56":{"start":{"line":149,"column":6},"end":{"line":149,"column":12}},"57":{"start":{"line":151,"column":6},"end":{"line":151,"column":30}},"58":{"start":{"line":152,"column":6},"end":{"line":152,"column":12}},"59":{"start":{"line":156,"column":2},"end":{"line":169,"column":3}},"60":{"start":{"line":158,"column":6},"end":{"line":158,"column":27}},"61":{"start":{"line":159,"column":6},"end":{"line":159,"column":12}},"62":{"start":{"line":161,"column":6},"end":{"line":161,"column":31}},"63":{"start":{"line":162,"column":6},"end":{"line":162,"column":12}},"64":{"start":{"line":164,"column":6},"end":{"line":164,"column":29}},"65":{"start":{"line":165,"column":6},"end":{"line":165,"column":12}},"66":{"start":{"line":167,"column":6},"end":{"line":167,"column":28}},"67":{"start":{"line":168,"column":6},"end":{"line":168,"column":12}},"68":{"start":{"line":172,"column":2},"end":{"line":174,"column":3}},"69":{"start":{"line":173,"column":4},"end":{"line":173,"column":35}},"70":{"start":{"line":175,"column":2},"end":{"line":177,"column":3}},"71":{"start":{"line":176,"column":4},"end":{"line":176,"column":29}},"72":{"start":{"line":178,"column":2},"end":{"line":180,"column":3}},"73":{"start":{"line":179,"column":4},"end":{"line":179,"column":29}},"74":{"start":{"line":181,"column":2},"end":{"line":183,"column":3}},"75":{"start":{"line":182,"column":4},"end":{"line":182,"column":31}},"76":{"start":{"line":186,"column":2},"end":{"line":188,"column":3}},"77":{"start":{"line":187,"column":4},"end":{"line":187,"column":39}},"78":{"start":{"line":190,"column":2},"end":{"line":190,"column":25}},"79":{"start":{"line":195,"column":15},"end":{"line":195,"column":19}},"80":{"start":{"line":197,"column":2},"end":{"line":199,"column":3}},"81":{"start":{"line":198,"column":4},"end":{"line":198,"column":50}},"82":{"start":{"line":202,"column":2},"end":{"line":202,"column":45}},"83":{"start":{"line":205,"column":2},"end":{"line":205,"column":25}},"84":{"start":{"line":207,"column":2},"end":{"line":207,"column":16}},"85":{"start":{"line":212,"column":18},"end":{"line":212,"column":48}},"86":{"start":{"line":215,"column":2},"end":{"line":217,"column":3}},"87":{"start":{"line":216,"column":4},"end":{"line":216,"column":16}},"88":{"start":{"line":220,"column":17},"end":{"line":220,"column":21}},"89":{"start":{"line":223,"column":2},"end":{"line":223,"column":66}},"90":{"start":{"line":226,"column":2},"end":{"line":226,"column":49}},"91":{"start":{"line":228,"column":2},"end":{"line":228,"column":18}},"92":{"start":{"line":237,"column":15},"end":{"line":237,"column":37}},"93":{"start":{"line":240,"column":2},"end":{"line":240,"column":46}},"94":{"start":{"line":242,"column":2},"end":{"line":242,"column":16}}},"fnMap":{"0":{"name":"getStyleProfile","decl":{"start":{"line":5,"column":22},"end":{"line":5,"column":37}},"loc":{"start":{"line":5,"column":53},"end":{"line":61,"column":1}}},"1":{"name":"buildStylePrompt","decl":{"start":{"line":64,"column":16},"end":{"line":64,"column":32}},"loc":{"start":{"line":64,"column":85},"end":{"line":191,"column":1}}},"2":{"name":"removeAISmell","decl":{"start":{"line":194,"column":16},"end":{"line":194,"column":29}},"loc":{"start":{"line":194,"column":42},"end":{"line":208,"column":1}}},"3":{"name":"enhanceText","decl":{"start":{"line":211,"column":22},"end":{"line":211,"column":33}},"loc":{"start":{"line":211,"column":63},"end":{"line":229,"column":1}}},"4":{"name":"generateStyledContent","decl":{"start":{"line":232,"column":22},"end":{"line":232,"column":43}},"loc":{"start":{"line":234,"column":17},"end":{"line":243,"column":1}}}},"branchMap":{"0":{"loc":{"start":{"line":27,"column":2},"end":{"line":44,"column":3}},"type":"if","locations":[{"start":{"line":27,"column":2},"end":{"line":44,"column":3}},{"start":{},"end":{}}]},"1":{"loc":{"start":{"line":59,"column":28},"end":{"line":59,"column":55}},"type":"binary-expr","locations":[{"start":{"line":59,"column":28},"end":{"line":59,"column":47}},{"start":{"line":59,"column":51},"end":{"line":59,"column":55}}]},"2":{"loc":{"start":{"line":68,"column":2},"end":{"line":78,"column":3}},"type":"switch","locations":[{"start":{"line":69,"column":4},"end":{"line":71,"column":12}},{"start":{"line":72,"column":4},"end":{"line":74,"column":12}},{"start":{"line":75,"column":4},"end":{"line":77,"column":12}}]},"3":{"loc":{"start":{"line":81,"column":2},"end":{"line":88,"column":3}},"type":"switch","locations":[{"start":{"line":82,"column":4},"end":{"line":84,"column":12}},{"start":{"line":85,"column":4},"end":{"line":87,"column":12}}]},"4":{"loc":{"start":{"line":91,"column":2},"end":{"line":101,"column":3}},"type":"switch","locations":[{"start":{"line":92,"column":4},"end":{"line":94,"column":12}},{"start":{"line":95,"column":4},"end":{"line":97,"column":12}},{"start":{"line":98,"column":4},"end":{"line":100,"column":12}}]},"5":{"loc":{"start":{"line":104,"column":2},"end":{"line":114,"column":3}},"type":"switch","locations":[{"start":{"line":105,"column":4},"end":{"line":107,"column":12}},{"start":{"line":108,"column":4},"end":{"line":110,"column":12}},{"start":{"line":111,"column":4},"end":{"line":113,"column":12}}]},"6":{"loc":{"start":{"line":117,"column":2},"end":{"line":127,"column":3}},"type":"switch","locations":[{"start":{"line":118,"column":4},"end":{"line":120,"column":12}},{"start":{"line":121,"column":4},"end":{"line":123,"column":12}},{"start":{"line":124,"column":4},"end":{"line":126,"column":12}}]},"7":{"loc":{"start":{"line":130,"column":2},"end":{"line":140,"column":3}},"type":"switch","locations":[{"start":{"line":131,"column":4},"end":{"line":133,"column":12}},{"start":{"line":134,"column":4},"end":{"line":136,"column":12}},{"start":{"line":137,"column":4},"end":{"line":139,"column":12}}]},"8":{"loc":{"start":{"line":143,"column":2},"end":{"line":153,"column":3}},"type":"switch","locations":[{"start":{"line":144,"column":4},"end":{"line":146,"column":12}},{"start":{"line":147,"column":4},"end":{"line":149,"column":12}},{"start":{"line":150,"column":4},"end":{"line":152,"column":12}}]},"9":{"loc":{"start":{"line":156,"column":2},"end":{"line":169,"column":3}},"type":"switch","locations":[{"start":{"line":157,"column":4},"end":{"line":159,"column":12}},{"start":{"line":160,"column":4},"end":{"line":162,"column":12}},{"start":{"line":163,"column":4},"end":{"line":165,"column":12}},{"start":{"line":166,"column":4},"end":{"line":168,"column":12}}]},"10":{"loc":{"start":{"line":172,"column":2},"end":{"line":174,"column":3}},"type":"if","locations":[{"start":{"line":172,"column":2},"end":{"line":174,"column":3}},{"start":{},"end":{}}]},"11":{"loc":{"start":{"line":175,"column":2},"end":{"line":177,"column":3}},"type":"if","locations":[{"start":{"line":175,"column":2},"end":{"line":177,"column":3}},{"start":{},"end":{}}]},"12":{"loc":{"start":{"line":178,"column":2},"end":{"line":180,"column":3}},"type":"if","locations":[{"start":{"line":178,"column":2},"end":{"line":180,"column":3}},{"start":{},"end":{}}]},"13":{"loc":{"start":{"line":181,"column":2},"end":{"line":183,"column":3}},"type":"if","locations":[{"start":{"line":181,"column":2},"end":{"line":183,"column":3}},{"start":{},"end":{}}]},"14":{"loc":{"start":{"line":186,"column":2},"end":{"line":188,"column":3}},"type":"if","locations":[{"start":{"line":186,"column":2},"end":{"line":188,"column":3}},{"start":{},"end":{}}]},"15":{"loc":{"start":{"line":215,"column":2},"end":{"line":217,"column":3}},"type":"if","locations":[{"start":{"line":215,"column":2},"end":{"line":217,"column":3}},{"start":{},"end":{}}]},"16":{"loc":{"start":{"line":215,"column":6},"end":{"line":215,"column":61}},"type":"binary-expr","locations":[{"start":{"line":215,"column":6},"end":{"line":215,"column":31}},{"start":{"line":215,"column":35},"end":{"line":215,"column":61}}]}},"s":{"0":1,"1":1,"2":1,"3":1,"4":1,"5":1,"6":1,"7":0,"8":0,"9":0,"10":0,"11":8,"12":8,"13":1,"14":1,"15":7,"16":7,"17":0,"18":0,"19":8,"20":8,"21":8,"22":0,"23":0,"24":8,"25":0,"26":0,"27":7,"28":7,"29":1,"30":1,"31":8,"32":0,"33":0,"34":0,"35":0,"36":8,"37":8,"38":8,"39":7,"40":7,"41":1,"42":1,"43":0,"44":0,"45":8,"46":0,"47":0,"48":8,"49":8,"50":0,"51":0,"52":8,"53":0,"54":0,"55":8,"56":8,"57":0,"58":0,"59":8,"60":0,"61":0,"62":7,"63":7,"64":0,"65":0,"66":1,"67":1,"68":8,"69":7,"70":8,"71":8,"72":8,"73":8,"74":8,"75":8,"76":8,"77":1,"78":8,"79":5,"80":5,"81":455,"82":5,"83":5,"84":5,"85":0,"86":0,"87":0,"88":0,"89":0,"90":0,"91":0,"92":0,"93":0,"94":0},"f":{"0":0,"1":8,"2":5,"3":0,"4":0},"b":{"0":[0,0],"1":[0,0],"2":[1,7,0],"3":[8,0],"4":[0,7,1],"5":[0,0,8],"6":[7,1,0],"7":[0,8,0],"8":[0,8,0],"9":[0,7,0,1],"10":[7,1],"11":[8,0],"12":[8,0],"13":[8,0],"14":[1,7],"15":[0,0],"16":[0,0]}}
,"/Users/lingoace/IdeaProjects/dream-writer/server/src/services/llm/LlmInvokeService.ts": {"path":"/Users/lingoace/IdeaProjects/dream-writer/server/src/services/llm/LlmInvokeService.ts","statementMap":{"0":{"start":{"line":35,"column":0},"end":{"line":35,"column":16}},"1":{"start":{"line":2,"column":0},"end":{"line":2,"column":null}},"2":{"start":{"line":9,"column":0},"end":{"line":9,"column":41}},"3":{"start":{"line":10,"column":0},"end":{"line":10,"column":51}},"4":{"start":{"line":11,"column":0},"end":{"line":11,"column":46}},"5":{"start":{"line":31,"column":78},"end":{"line":31,"column":82}},"6":{"start":{"line":32,"column":22},"end":{"line":32,"column":28}},"7":{"start":{"line":36,"column":2},"end":{"line":36,"column":22}},"8":{"start":{"line":40,"column":2},"end":{"line":42,"column":3}},"9":{"start":{"line":41,"column":4},"end":{"line":41,"column":31}},"10":{"start":{"line":45,"column":43},"end":{"line":45,"column":47}},"11":{"start":{"line":46,"column":2},"end":{"line":58,"column":3}},"12":{"start":{"line":47,"column":21},"end":{"line":47,"column":84}},"13":{"start":{"line":48,"column":4},"end":{"line":55,"column":5}},"14":{"start":{"line":49,"column":6},"end":{"line":54,"column":8}},"15":{"start":{"line":60,"column":2},"end":{"line":76,"column":3}},"16":{"start":{"line":61,"column":22},"end":{"line":61,"column":74}},"17":{"start":{"line":62,"column":18},"end":{"line":64,"column":21}},"18":{"start":{"line":65,"column":20},"end":{"line":68,"column":36}},"19":{"start":{"line":69,"column":19},"end":{"line":69,"column":92}},"20":{"start":{"line":71,"column":4},"end":{"line":74,"column":5}},"21":{"start":{"line":72,"column":6},"end":{"line":72,"column":54}},"22":{"start":{"line":73,"column":6},"end":{"line":73,"column":18}},"23":{"start":{"line":75,"column":4},"end":{"line":75,"column":50}},"24":{"start":{"line":78,"column":2},"end":{"line":78,"column":44}},"25":{"start":{"line":79,"column":2},"end":{"line":79,"column":16}},"26":{"start":{"line":83,"column":2},"end":{"line":94,"column":31}},"27":{"start":{"line":98,"column":2},"end":{"line":100,"column":3}},"28":{"start":{"line":99,"column":4},"end":{"line":99,"column":14}},"29":{"start":{"line":101,"column":14},"end":{"line":101,"column":48}},"30":{"start":{"line":102,"column":2},"end":{"line":104,"column":3}},"31":{"start":{"line":103,"column":4},"end":{"line":103,"column":14}},"32":{"start":{"line":105,"column":2},"end":{"line":112,"column":3}},"33":{"start":{"line":106,"column":17},"end":{"line":106,"column":null}},"34":{"start":{"line":109,"column":4},"end":{"line":109,"column":51}},"35":{"start":{"line":111,"column":4},"end":{"line":111,"column":14}},"36":{"start":{"line":124,"column":4},"end":{"line":124,"column":28}},"37":{"start":{"line":118,"column":20},"end":{"line":118,"column":36}},"38":{"start":{"line":119,"column":20},"end":{"line":119,"column":33}},"39":{"start":{"line":120,"column":20},"end":{"line":120,"column":39}},"40":{"start":{"line":125,"column":4},"end":{"line":125,"column":27}},"41":{"start":{"line":115,"column":0},"end":{"line":115,"column":13}},"42":{"start":{"line":137,"column":4},"end":{"line":137,"column":55}},"43":{"start":{"line":137,"column":27},"end":{"line":137,"column":53}},"44":{"start":{"line":147,"column":19},"end":{"line":147,"column":45}},"45":{"start":{"line":148,"column":21},"end":{"line":148,"column":68}},"46":{"start":{"line":149,"column":18},"end":{"line":149,"column":44}},"47":{"start":{"line":153,"column":4},"end":{"line":172,"column":5}},"48":{"start":{"line":154,"column":22},"end":{"line":154,"column":135}},"49":{"start":{"line":155,"column":21},"end":{"line":155,"column":57}},"50":{"start":{"line":156,"column":28},"end":{"line":156,"column":72}},"51":{"start":{"line":158,"column":6},"end":{"line":160,"column":7}},"52":{"start":{"line":159,"column":8},"end":{"line":159,"column":100}},"53":{"start":{"line":162,"column":6},"end":{"line":167,"column":8}},"54":{"start":{"line":168,"column":11},"end":{"line":172,"column":5}},"55":{"start":{"line":169,"column":6},"end":{"line":169,"column":53}},"56":{"start":{"line":171,"column":6},"end":{"line":171,"column":27}},"57":{"start":{"line":174,"column":4},"end":{"line":174,"column":96}},"58":{"start":{"line":175,"column":4},"end":{"line":175,"column":66}},"59":{"start":{"line":176,"column":4},"end":{"line":176,"column":119}},"60":{"start":{"line":178,"column":21},"end":{"line":194,"column":6}},"61":{"start":{"line":196,"column":4},"end":{"line":198,"column":5}},"62":{"start":{"line":197,"column":6},"end":{"line":197,"column":115}},"63":{"start":{"line":200,"column":17},"end":{"line":200,"column":null}},"64":{"start":{"line":203,"column":20},"end":{"line":203,"column":63}},"65":{"start":{"line":204,"column":4},"end":{"line":206,"column":5}},"66":{"start":{"line":205,"column":6},"end":{"line":205,"column":79}},"67":{"start":{"line":207,"column":4},"end":{"line":207,"column":19}},"68":{"start":{"line":217,"column":4},"end":{"line":221,"column":5}},"69":{"start":{"line":218,"column":6},"end":{"line":218,"column":51}},"70":{"start":{"line":220,"column":6},"end":{"line":220,"column":18}},"71":{"start":{"line":225,"column":19},"end":{"line":225,"column":45}},"72":{"start":{"line":226,"column":4},"end":{"line":228,"column":5}},"73":{"start":{"line":227,"column":6},"end":{"line":227,"column":91}},"74":{"start":{"line":230,"column":21},"end":{"line":246,"column":6}},"75":{"start":{"line":248,"column":4},"end":{"line":250,"column":5}},"76":{"start":{"line":249,"column":6},"end":{"line":249,"column":107}},"77":{"start":{"line":252,"column":19},"end":{"line":252,"column":44}},"78":{"start":{"line":253,"column":20},"end":{"line":253,"column":37}},"79":{"start":{"line":254,"column":17},"end":{"line":254,"column":19}},"80":{"start":{"line":255,"column":4},"end":{"line":269,"column":5}},"81":{"start":{"line":256,"column":30},"end":{"line":256,"column":49}},"82":{"start":{"line":257,"column":6},"end":{"line":259,"column":7}},"83":{"start":{"line":258,"column":8},"end":{"line":258,"column":14}},"84":{"start":{"line":260,"column":6},"end":{"line":260,"column":56}},"85":{"start":{"line":261,"column":20},"end":{"line":261,"column":38}},"86":{"start":{"line":262,"column":6},"end":{"line":262,"column":33}},"87":{"start":{"line":263,"column":6},"end":{"line":268,"column":7}},"88":{"start":{"line":264,"column":21},"end":{"line":264,"column":58}},"89":{"start":{"line":265,"column":8},"end":{"line":267,"column":9}},"90":{"start":{"line":266,"column":10},"end":{"line":266,"column":21}},"91":{"start":{"line":271,"column":4},"end":{"line":274,"column":5}},"92":{"start":{"line":272,"column":19},"end":{"line":272,"column":58}},"93":{"start":{"line":273,"column":6},"end":{"line":273,"column":27}},"94":{"start":{"line":273,"column":16},"end":{"line":273,"column":27}},"95":{"start":{"line":278,"column":19},"end":{"line":278,"column":45}},"96":{"start":{"line":279,"column":4},"end":{"line":281,"column":5}},"97":{"start":{"line":280,"column":6},"end":{"line":280,"column":91}},"98":{"start":{"line":283,"column":21},"end":{"line":298,"column":6}},"99":{"start":{"line":300,"column":4},"end":{"line":302,"column":5}},"100":{"start":{"line":301,"column":6},"end":{"line":301,"column":107}},"101":{"start":{"line":304,"column":19},"end":{"line":304,"column":44}},"102":{"start":{"line":305,"column":20},"end":{"line":305,"column":37}},"103":{"start":{"line":306,"column":17},"end":{"line":306,"column":19}},"104":{"start":{"line":307,"column":4},"end":{"line":321,"column":5}},"105":{"start":{"line":308,"column":30},"end":{"line":308,"column":49}},"106":{"start":{"line":309,"column":6},"end":{"line":311,"column":7}},"107":{"start":{"line":310,"column":8},"end":{"line":310,"column":14}},"108":{"start":{"line":312,"column":6},"end":{"line":312,"column":56}},"109":{"start":{"line":313,"column":20},"end":{"line":313,"column":38}},"110":{"start":{"line":314,"column":6},"end":{"line":314,"column":33}},"111":{"start":{"line":315,"column":6},"end":{"line":320,"column":7}},"112":{"start":{"line":316,"column":21},"end":{"line":316,"column":58}},"113":{"start":{"line":317,"column":8},"end":{"line":319,"column":9}},"114":{"start":{"line":318,"column":10},"end":{"line":318,"column":21}},"115":{"start":{"line":323,"column":4},"end":{"line":326,"column":5}},"116":{"start":{"line":324,"column":19},"end":{"line":324,"column":58}},"117":{"start":{"line":325,"column":6},"end":{"line":325,"column":27}},"118":{"start":{"line":325,"column":16},"end":{"line":325,"column":27}},"119":{"start":{"line":129,"column":0},"end":{"line":129,"column":13}}},"fnMap":{"0":{"name":"clearLlmConfigCache","decl":{"start":{"line":35,"column":16},"end":{"line":35,"column":35}},"loc":{"start":{"line":35,"column":35},"end":{"line":37,"column":1}}},"1":{"name":"resolveModelConfig","decl":{"start":{"line":39,"column":15},"end":{"line":39,"column":33}},"loc":{"start":{"line":39,"column":33},"end":{"line":80,"column":1}}},"2":{"name":"buildPrompt","decl":{"start":{"line":82,"column":9},"end":{"line":82,"column":20}},"loc":{"start":{"line":82,"column":45},"end":{"line":95,"column":1}}},"3":{"name":"extractOpenAIStreamDelta","decl":{"start":{"line":97,"column":9},"end":{"line":97,"column":33}},"loc":{"start":{"line":97,"column":46},"end":{"line":113,"column":1}}},"4":{"name":"(anonymous_4)","decl":{"start":{"line":116,"column":2},"end":{"line":116,"column":null}},"loc":{"start":{"line":121,"column":33},"end":{"line":126,"column":3}}},"5":{"name":"(anonymous_5)","decl":{"start":{"line":130,"column":2},"end":{"line":130,"column":7}},"loc":{"start":{"line":136,"column":3},"end":{"line":138,"column":3}}},"6":{"name":"(anonymous_6)","decl":{"start":{"line":137,"column":21},"end":{"line":137,"column":24}},"loc":{"start":{"line":137,"column":27},"end":{"line":137,"column":53}}},"7":{"name":"(anonymous_7)","decl":{"start":{"line":140,"column":10},"end":{"line":140,"column":15}},"loc":{"start":{"line":146,"column":3},"end":{"line":208,"column":3}}},"8":{"name":"(anonymous_8)","decl":{"start":{"line":210,"column":2},"end":{"line":210,"column":7}},"loc":{"start":{"line":216,"column":3},"end":{"line":222,"column":3}}},"9":{"name":"(anonymous_9)","decl":{"start":{"line":224,"column":2},"end":{"line":224,"column":7}},"loc":{"start":{"line":224,"column":104},"end":{"line":275,"column":3}}},"10":{"name":"(anonymous_10)","decl":{"start":{"line":277,"column":2},"end":{"line":277,"column":7}},"loc":{"start":{"line":277,"column":52},"end":{"line":327,"column":3}}}},"branchMap":{"0":{"loc":{"start":{"line":40,"column":2},"end":{"line":42,"column":3}},"type":"if","locations":[{"start":{"line":40,"column":2},"end":{"line":42,"column":3}},{"start":{},"end":{}}]},"1":{"loc":{"start":{"line":40,"column":6},"end":{"line":40,"column":66}},"type":"binary-expr","locations":[{"start":{"line":40,"column":6},"end":{"line":40,"column":18}},{"start":{"line":40,"column":22},"end":{"line":40,"column":66}}]},"2":{"loc":{"start":{"line":48,"column":4},"end":{"line":55,"column":5}},"type":"if","locations":[{"start":{"line":48,"column":4},"end":{"line":55,"column":5}},{"start":{},"end":{}}]},"3":{"loc":{"start":{"line":52,"column":17},"end":{"line":52,"column":127}},"type":"binary-expr","locations":[{"start":{"line":52,"column":17},"end":{"line":52,"column":33}},{"start":{"line":52,"column":37},"end":{"line":52,"column":96}},{"start":{"line":52,"column":100},"end":{"line":52,"column":127}}]},"4":{"loc":{"start":{"line":60,"column":2},"end":{"line":76,"column":3}},"type":"if","locations":[{"start":{"line":60,"column":2},"end":{"line":76,"column":3}},{"start":{},"end":{}}]},"5":{"loc":{"start":{"line":61,"column":22},"end":{"line":61,"column":74}},"type":"binary-expr","locations":[{"start":{"line":61,"column":22},"end":{"line":61,"column":62}},{"start":{"line":61,"column":66},"end":{"line":61,"column":74}}]},"6":{"loc":{"start":{"line":62,"column":18},"end":{"line":64,"column":21}},"type":"binary-expr","locations":[{"start":{"line":62,"column":18},"end":{"line":62,"column":55}},{"start":{"line":63,"column":9},"end":{"line":63,"column":38}},{"start":{"line":64,"column":9},"end":{"line":64,"column":21}}]},"7":{"loc":{"start":{"line":65,"column":20},"end":{"line":68,"column":36}},"type":"binary-expr","locations":[{"start":{"line":65,"column":20},"end":{"line":65,"column":60}},{"start":{"line":66,"column":9},"end":{"line":66,"column":40}},{"start":{"line":67,"column":9},"end":{"line":67,"column":44}},{"start":{"line":68,"column":9},"end":{"line":68,"column":36}}]},"8":{"loc":{"start":{"line":69,"column":19},"end":{"line":69,"column":92}},"type":"binary-expr","locations":[{"start":{"line":69,"column":19},"end":{"line":69,"column":58}},{"start":{"line":69,"column":62},"end":{"line":69,"column":92}}]},"9":{"loc":{"start":{"line":71,"column":4},"end":{"line":74,"column":5}},"type":"if","locations":[{"start":{"line":71,"column":4},"end":{"line":74,"column":5}},{"start":{},"end":{}}]},"10":{"loc":{"start":{"line":71,"column":8},"end":{"line":71,"column":51}},"type":"binary-expr","locations":[{"start":{"line":71,"column":8},"end":{"line":71,"column":40}},{"start":{"line":71,"column":44},"end":{"line":71,"column":51}}]},"11":{"loc":{"start":{"line":88,"column":10},"end":{"line":88,"column":30}},"type":"binary-expr","locations":[{"start":{"line":88,"column":10},"end":{"line":88,"column":21}},{"start":{"line":88,"column":25},"end":{"line":88,"column":30}}]},"12":{"loc":{"start":{"line":89,"column":10},"end":{"line":89,"column":36}},"type":"binary-expr","locations":[{"start":{"line":89,"column":10},"end":{"line":89,"column":27}},{"start":{"line":89,"column":31},"end":{"line":89,"column":36}}]},"13":{"loc":{"start":{"line":90,"column":10},"end":{"line":90,"column":32}},"type":"binary-expr","locations":[{"start":{"line":90,"column":10},"end":{"line":90,"column":23}},{"start":{"line":90,"column":27},"end":{"line":90,"column":32}}]},"14":{"loc":{"start":{"line":92,"column":12},"end":{"line":92,"column":50}},"type":"binary-expr","locations":[{"start":{"line":92,"column":12},"end":{"line":92,"column":32}},{"start":{"line":92,"column":36},"end":{"line":92,"column":50}}]},"15":{"loc":{"start":{"line":93,"column":4},"end":{"line":93,"column":78}},"type":"cond-expr","locations":[{"start":{"line":93,"column":28},"end":{"line":93,"column":73}},{"start":{"line":93,"column":76},"end":{"line":93,"column":78}}]},"16":{"loc":{"start":{"line":98,"column":2},"end":{"line":100,"column":3}},"type":"if","locations":[{"start":{"line":98,"column":2},"end":{"line":100,"column":3}},{"start":{},"end":{}}]},"17":{"loc":{"start":{"line":102,"column":2},"end":{"line":104,"column":3}},"type":"if","locations":[{"start":{"line":102,"column":2},"end":{"line":104,"column":3}},{"start":{},"end":{}}]},"18":{"loc":{"start":{"line":102,"column":6},"end":{"line":102,"column":30}},"type":"binary-expr","locations":[{"start":{"line":102,"column":6},"end":{"line":102,"column":10}},{"start":{"line":102,"column":14},"end":{"line":102,"column":30}}]},"19":{"loc":{"start":{"line":109,"column":11},"end":{"line":109,"column":50}},"type":"binary-expr","locations":[{"start":{"line":109,"column":11},"end":{"line":109,"column":44}},{"start":{"line":109,"column":48},"end":{"line":109,"column":50}}]},"20":{"loc":{"start":{"line":148,"column":21},"end":{"line":148,"column":68}},"type":"binary-expr","locations":[{"start":{"line":148,"column":21},"end":{"line":148,"column":35}},{"start":{"line":148,"column":39},"end":{"line":148,"column":55}},{"start":{"line":148,"column":59},"end":{"line":148,"column":68}}]},"21":{"loc":{"start":{"line":149,"column":18},"end":{"line":149,"column":44}},"type":"binary-expr","locations":[{"start":{"line":149,"column":18},"end":{"line":149,"column":31}},{"start":{"line":149,"column":35},"end":{"line":149,"column":44}}]},"22":{"loc":{"start":{"line":153,"column":4},"end":{"line":172,"column":5}},"type":"if","locations":[{"start":{"line":153,"column":4},"end":{"line":172,"column":5}},{"start":{"line":168,"column":11},"end":{"line":172,"column":5}}]},"23":{"loc":{"start":{"line":153,"column":8},"end":{"line":153,"column":61}},"type":"binary-expr","locations":[{"start":{"line":153,"column":8},"end":{"line":153,"column":22}},{"start":{"line":153,"column":26},"end":{"line":153,"column":61}}]},"24":{"loc":{"start":{"line":154,"column":22},"end":{"line":154,"column":135}},"type":"binary-expr","locations":[{"start":{"line":154,"column":22},"end":{"line":154,"column":59}},{"start":{"line":154,"column":63},"end":{"line":154,"column":104}},{"start":{"line":154,"column":108},"end":{"line":154,"column":135}}]},"25":{"loc":{"start":{"line":156,"column":28},"end":{"line":156,"column":72}},"type":"binary-expr","locations":[{"start":{"line":156,"column":28},"end":{"line":156,"column":63}},{"start":{"line":156,"column":67},"end":{"line":156,"column":72}}]},"26":{"loc":{"start":{"line":158,"column":6},"end":{"line":160,"column":7}},"type":"if","locations":[{"start":{"line":158,"column":6},"end":{"line":160,"column":7}},{"start":{},"end":{}}]},"27":{"loc":{"start":{"line":158,"column":10},"end":{"line":158,"column":59}},"type":"binary-expr","locations":[{"start":{"line":158,"column":10},"end":{"line":158,"column":48}},{"start":{"line":158,"column":52},"end":{"line":158,"column":59}}]},"28":{"loc":{"start":{"line":168,"column":11},"end":{"line":172,"column":5}},"type":"if","locations":[{"start":{"line":168,"column":11},"end":{"line":172,"column":5}},{"start":{"line":170,"column":11},"end":{"line":172,"column":5}}]},"29":{"loc":{"start":{"line":176,"column":42},"end":{"line":176,"column":115}},"type":"cond-expr","locations":[{"start":{"line":176,"column":63},"end":{"line":176,"column":106}},{"start":{"line":176,"column":109},"end":{"line":176,"column":115}}]},"30":{"loc":{"start":{"line":182,"column":12},"end":{"line":182,"column":87}},"type":"cond-expr","locations":[{"start":{"line":182,"column":33},"end":{"line":182,"column":82}},{"start":{"line":182,"column":85},"end":{"line":182,"column":87}}]},"31":{"loc":{"start":{"line":187,"column":21},"end":{"line":187,"column":46}},"type":"binary-expr","locations":[{"start":{"line":187,"column":21},"end":{"line":187,"column":38}},{"start":{"line":187,"column":42},"end":{"line":187,"column":46}}]},"32":{"loc":{"start":{"line":188,"column":20},"end":{"line":188,"column":43}},"type":"binary-expr","locations":[{"start":{"line":188,"column":20},"end":{"line":188,"column":35}},{"start":{"line":188,"column":39},"end":{"line":188,"column":43}}]},"33":{"loc":{"start":{"line":190,"column":37},"end":{"line":190,"column":73}},"type":"binary-expr","locations":[{"start":{"line":190,"column":37},"end":{"line":190,"column":49}},{"start":{"line":190,"column":53},"end":{"line":190,"column":73}}]},"34":{"loc":{"start":{"line":196,"column":4},"end":{"line":198,"column":5}},"type":"if","locations":[{"start":{"line":196,"column":4},"end":{"line":198,"column":5}},{"start":{},"end":{}}]},"35":{"loc":{"start":{"line":204,"column":4},"end":{"line":206,"column":5}},"type":"if","locations":[{"start":{"line":204,"column":4},"end":{"line":206,"column":5}},{"start":{},"end":{}}]},"36":{"loc":{"start":{"line":226,"column":4},"end":{"line":228,"column":5}},"type":"if","locations":[{"start":{"line":226,"column":4},"end":{"line":228,"column":5}},{"start":{},"end":{}}]},"37":{"loc":{"start":{"line":234,"column":12},"end":{"line":234,"column":77}},"type":"cond-expr","locations":[{"start":{"line":234,"column":28},"end":{"line":234,"column":72}},{"start":{"line":234,"column":75},"end":{"line":234,"column":77}}]},"38":{"loc":{"start":{"line":239,"column":21},"end":{"line":239,"column":45}},"type":"binary-expr","locations":[{"start":{"line":239,"column":21},"end":{"line":239,"column":38}},{"start":{"line":239,"column":42},"end":{"line":239,"column":45}}]},"39":{"loc":{"start":{"line":240,"column":20},"end":{"line":240,"column":43}},"type":"binary-expr","locations":[{"start":{"line":240,"column":20},"end":{"line":240,"column":35}},{"start":{"line":240,"column":39},"end":{"line":240,"column":43}}]},"40":{"loc":{"start":{"line":242,"column":37},"end":{"line":242,"column":69}},"type":"binary-expr","locations":[{"start":{"line":242,"column":37},"end":{"line":242,"column":49}},{"start":{"line":242,"column":53},"end":{"line":242,"column":69}}]},"41":{"loc":{"start":{"line":248,"column":4},"end":{"line":250,"column":5}},"type":"if","locations":[{"start":{"line":248,"column":4},"end":{"line":250,"column":5}},{"start":{},"end":{}}]},"42":{"loc":{"start":{"line":248,"column":8},"end":{"line":248,"column":38}},"type":"binary-expr","locations":[{"start":{"line":248,"column":8},"end":{"line":248,"column":20}},{"start":{"line":248,"column":24},"end":{"line":248,"column":38}}]},"43":{"loc":{"start":{"line":257,"column":6},"end":{"line":259,"column":7}},"type":"if","locations":[{"start":{"line":257,"column":6},"end":{"line":259,"column":7}},{"start":{},"end":{}}]},"44":{"loc":{"start":{"line":262,"column":15},"end":{"line":262,"column":32}},"type":"binary-expr","locations":[{"start":{"line":262,"column":15},"end":{"line":262,"column":26}},{"start":{"line":262,"column":30},"end":{"line":262,"column":32}}]},"45":{"loc":{"start":{"line":265,"column":8},"end":{"line":267,"column":9}},"type":"if","locations":[{"start":{"line":265,"column":8},"end":{"line":267,"column":9}},{"start":{},"end":{}}]},"46":{"loc":{"start":{"line":271,"column":4},"end":{"line":274,"column":5}},"type":"if","locations":[{"start":{"line":271,"column":4},"end":{"line":274,"column":5}},{"start":{},"end":{}}]},"47":{"loc":{"start":{"line":273,"column":6},"end":{"line":273,"column":27}},"type":"if","locations":[{"start":{"line":273,"column":6},"end":{"line":273,"column":27}},{"start":{},"end":{}}]},"48":{"loc":{"start":{"line":279,"column":4},"end":{"line":281,"column":5}},"type":"if","locations":[{"start":{"line":279,"column":4},"end":{"line":281,"column":5}},{"start":{},"end":{}}]},"49":{"loc":{"start":{"line":287,"column":12},"end":{"line":287,"column":77}},"type":"cond-expr","locations":[{"start":{"line":287,"column":28},"end":{"line":287,"column":72}},{"start":{"line":287,"column":75},"end":{"line":287,"column":77}}]},"50":{"loc":{"start":{"line":300,"column":4},"end":{"line":302,"column":5}},"type":"if","locations":[{"start":{"line":300,"column":4},"end":{"line":302,"column":5}},{"start":{},"end":{}}]},"51":{"loc":{"start":{"line":300,"column":8},"end":{"line":300,"column":38}},"type":"binary-expr","locations":[{"start":{"line":300,"column":8},"end":{"line":300,"column":20}},{"start":{"line":300,"column":24},"end":{"line":300,"column":38}}]},"52":{"loc":{"start":{"line":309,"column":6},"end":{"line":311,"column":7}},"type":"if","locations":[{"start":{"line":309,"column":6},"end":{"line":311,"column":7}},{"start":{},"end":{}}]},"53":{"loc":{"start":{"line":314,"column":15},"end":{"line":314,"column":32}},"type":"binary-expr","locations":[{"start":{"line":314,"column":15},"end":{"line":314,"column":26}},{"start":{"line":314,"column":30},"end":{"line":314,"column":32}}]},"54":{"loc":{"start":{"line":317,"column":8},"end":{"line":319,"column":9}},"type":"if","locations":[{"start":{"line":317,"column":8},"end":{"line":319,"column":9}},{"start":{},"end":{}}]},"55":{"loc":{"start":{"line":323,"column":4},"end":{"line":326,"column":5}},"type":"if","locations":[{"start":{"line":323,"column":4},"end":{"line":326,"column":5}},{"start":{},"end":{}}]},"56":{"loc":{"start":{"line":325,"column":6},"end":{"line":325,"column":27}},"type":"if","locations":[{"start":{"line":325,"column":6},"end":{"line":325,"column":27}},{"start":{},"end":{}}]}},"s":{"0":2,"1":2,"2":2,"3":2,"4":2,"5":2,"6":2,"7":0,"8":1,"9":0,"10":1,"11":1,"12":1,"13":1,"14":1,"15":1,"16":1,"17":1,"18":1,"19":1,"20":1,"21":1,"22":1,"23":0,"24":0,"25":0,"26":0,"27":0,"28":0,"29":0,"30":0,"31":0,"32":0,"33":0,"34":0,"35":0,"36":5,"37":5,"38":5,"39":5,"40":5,"41":2,"42":1,"43":1,"44":1,"45":1,"46":1,"47":1,"48":1,"49":1,"50":1,"51":1,"52":1,"53":0,"54":0,"55":0,"56":0,"57":0,"58":0,"59":0,"60":0,"61":0,"62":0,"63":0,"64":0,"65":0,"66":0,"67":0,"68":0,"69":0,"70":0,"71":0,"72":0,"73":0,"74":0,"75":0,"76":0,"77":0,"78":0,"79":0,"80":0,"81":0,"82":0,"83":0,"84":0,"85":0,"86":0,"87":0,"88":0,"89":0,"90":0,"91":0,"92":0,"93":0,"94":0,"95":0,"96":0,"97":0,"98":0,"99":0,"100":0,"101":0,"102":0,"103":0,"104":0,"105":0,"106":0,"107":0,"108":0,"109":0,"110":0,"111":0,"112":0,"113":0,"114":0,"115":0,"116":0,"117":0,"118":0,"119":2},"f":{"0":0,"1":1,"2":0,"3":0,"4":5,"5":1,"6":1,"7":1,"8":0,"9":0,"10":0},"b":{"0":[0,1],"1":[1,0],"2":[1,0],"3":[1,0,0],"4":[1,0],"5":[1,1],"6":[1,1,1],"7":[1,1,1,0],"8":[1,1],"9":[1,0],"10":[1,1],"11":[0,0],"12":[0,0],"13":[0,0],"14":[0,0],"15":[0,0],"16":[0,0],"17":[0,0],"18":[0,0],"19":[0,0],"20":[1,0,0],"21":[1,1],"22":[1,0],"23":[1,1],"24":[1,1,0],"25":[1,1],"26":[1,0],"27":[1,1],"28":[0,0],"29":[0,0],"30":[0,0],"31":[0,0],"32":[0,0],"33":[0,0],"34":[0,0],"35":[0,0],"36":[0,0],"37":[0,0],"38":[0,0],"39":[0,0],"40":[0,0],"41":[0,0],"42":[0,0],"43":[0,0],"44":[0,0],"45":[0,0],"46":[0,0],"47":[0,0],"48":[0,0],"49":[0,0],"50":[0,0],"51":[0,0],"52":[0,0],"53":[0,0],"54":[0,0],"55":[0,0],"56":[0,0]}}
,"/Users/lingoace/IdeaProjects/dream-writer/server/src/utils/crypto.ts": {"path":"/Users/lingoace/IdeaProjects/dream-writer/server/src/utils/crypto.ts","statementMap":{"0":{"start":{"line":20,"column":0},"end":{"line":20,"column":16}},"1":{"start":{"line":30,"column":0},"end":{"line":30,"column":16}},"2":{"start":{"line":1,"column":0},"end":{"line":1,"column":88}},"3":{"start":{"line":3,"column":18},"end":{"line":3,"column":31}},"4":{"start":{"line":4,"column":18},"end":{"line":4,"column":20}},"5":{"start":{"line":5,"column":20},"end":{"line":5,"column":22}},"6":{"start":{"line":6,"column":19},"end":{"line":6,"column":21}},"7":{"start":{"line":9,"column":14},"end":{"line":9,"column":50}},"8":{"start":{"line":10,"column":2},"end":{"line":12,"column":3}},"9":{"start":{"line":11,"column":4},"end":{"line":11,"column":87}},"10":{"start":{"line":13,"column":2},"end":{"line":13,"column":13}},"11":{"start":{"line":17,"column":2},"end":{"line":17,"column":48}},"12":{"start":{"line":21,"column":15},"end":{"line":21,"column":39}},"13":{"start":{"line":22,"column":13},"end":{"line":22,"column":35}},"14":{"start":{"line":23,"column":14},"end":{"line":23,"column":49}},"15":{"start":{"line":24,"column":17},"end":{"line":24,"column":51}},"16":{"start":{"line":25,"column":20},"end":{"line":25,"column":85}},"17":{"start":{"line":27,"column":2},"end":{"line":27,"column":86}},"18":{"start":{"line":31,"column":16},"end":{"line":31,"column":36}},"19":{"start":{"line":32,"column":2},"end":{"line":34,"column":3}},"20":{"start":{"line":33,"column":4},"end":{"line":33,"column":56}},"21":{"start":{"line":35,"column":42},"end":{"line":35,"column":47}},"22":{"start":{"line":36,"column":15},"end":{"line":36,"column":42}},"23":{"start":{"line":37,"column":13},"end":{"line":37,"column":38}},"24":{"start":{"line":38,"column":21},"end":{"line":38,"column":54}},"25":{"start":{"line":39,"column":14},"end":{"line":39,"column":49}},"26":{"start":{"line":40,"column":19},"end":{"line":40,"column":55}},"27":{"start":{"line":41,"column":20},"end":{"line":41,"column":82}},"28":{"start":{"line":42,"column":2},"end":{"line":42,"column":36}}},"fnMap":{"0":{"name":"getEncryptionKey","decl":{"start":{"line":8,"column":9},"end":{"line":8,"column":25}},"loc":{"start":{"line":8,"column":25},"end":{"line":14,"column":1}}},"1":{"name":"deriveKey","decl":{"start":{"line":16,"column":9},"end":{"line":16,"column":18}},"loc":{"start":{"line":16,"column":49},"end":{"line":18,"column":1}}},"2":{"name":"encryptApiKey","decl":{"start":{"line":20,"column":16},"end":{"line":20,"column":29}},"loc":{"start":{"line":20,"column":47},"end":{"line":28,"column":1}}},"3":{"name":"decryptApiKey","decl":{"start":{"line":30,"column":16},"end":{"line":30,"column":29}},"loc":{"start":{"line":30,"column":47},"end":{"line":43,"column":1}}}},"branchMap":{"0":{"loc":{"start":{"line":10,"column":2},"end":{"line":12,"column":3}},"type":"if","locations":[{"start":{"line":10,"column":2},"end":{"line":12,"column":3}},{"start":{},"end":{}}]},"1":{"loc":{"start":{"line":32,"column":2},"end":{"line":34,"column":3}},"type":"if","locations":[{"start":{"line":32,"column":2},"end":{"line":34,"column":3}},{"start":{},"end":{}}]}},"s":{"0":3,"1":3,"2":3,"3":3,"4":3,"5":3,"6":3,"7":13,"8":13,"9":1,"10":12,"11":12,"12":6,"13":6,"14":6,"15":6,"16":6,"17":6,"18":9,"19":9,"20":2,"21":7,"22":7,"23":7,"24":7,"25":7,"26":6,"27":6,"28":5},"f":{"0":13,"1":12,"2":6,"3":9},"b":{"0":[1,12],"1":[2,7]}}
,"/Users/lingoace/IdeaProjects/dream-writer/server/src/utils/parseJson.ts": {"path":"/Users/lingoace/IdeaProjects/dream-writer/server/src/utils/parseJson.ts","statementMap":{"0":{"start":{"line":6,"column":0},"end":{"line":6,"column":16}},"1":{"start":{"line":7,"column":2},"end":{"line":7,"column":25}},"2":{"start":{"line":7,"column":13},"end":{"line":7,"column":25}},"3":{"start":{"line":10,"column":2},"end":{"line":12,"column":12}},"4":{"start":{"line":11,"column":4},"end":{"line":11,"column":33}},"5":{"start":{"line":15,"column":17},"end":{"line":15,"column":59}},"6":{"start":{"line":16,"column":2},"end":{"line":20,"column":3}},"7":{"start":{"line":17,"column":4},"end":{"line":19,"column":14}},"8":{"start":{"line":18,"column":6},"end":{"line":18,"column":47}},"9":{"start":{"line":23,"column":19},"end":{"line":23,"column":36}},"10":{"start":{"line":24,"column":19},"end":{"line":24,"column":36}},"11":{"start":{"line":25,"column":14},"end":{"line":25,"column":16}},"12":{"start":{"line":26,"column":12},"end":{"line":26,"column":14}},"13":{"start":{"line":28,"column":2},"end":{"line":34,"column":3}},"14":{"start":{"line":29,"column":4},"end":{"line":29,"column":21}},"15":{"start":{"line":30,"column":4},"end":{"line":30,"column":32}},"16":{"start":{"line":31,"column":9},"end":{"line":34,"column":3}},"17":{"start":{"line":32,"column":4},"end":{"line":32,"column":21}},"18":{"start":{"line":33,"column":4},"end":{"line":33,"column":32}},"19":{"start":{"line":36,"column":2},"end":{"line":40,"column":3}},"20":{"start":{"line":37,"column":4},"end":{"line":39,"column":14}},"21":{"start":{"line":38,"column":6},"end":{"line":38,"column":57}},"22":{"start":{"line":43,"column":2},"end":{"line":43,"column":61}},"23":{"start":{"line":44,"column":2},"end":{"line":44,"column":14}}},"fnMap":{"0":{"name":"parseLlmJson","decl":{"start":{"line":6,"column":16},"end":{"line":6,"column":28}},"loc":{"start":{"line":6,"column":57},"end":{"line":45,"column":1}}}},"branchMap":{"0":{"loc":{"start":{"line":7,"column":2},"end":{"line":7,"column":25}},"type":"if","locations":[{"start":{"line":7,"column":2},"end":{"line":7,"column":25}},{"start":{},"end":{}}]},"1":{"loc":{"start":{"line":16,"column":2},"end":{"line":20,"column":3}},"type":"if","locations":[{"start":{"line":16,"column":2},"end":{"line":20,"column":3}},{"start":{},"end":{}}]},"2":{"loc":{"start":{"line":28,"column":2},"end":{"line":34,"column":3}},"type":"if","locations":[{"start":{"line":28,"column":2},"end":{"line":34,"column":3}},{"start":{"line":31,"column":9},"end":{"line":34,"column":3}}]},"3":{"loc":{"start":{"line":28,"column":6},"end":{"line":28,"column":65}},"type":"binary-expr","locations":[{"start":{"line":28,"column":6},"end":{"line":28,"column":21}},{"start":{"line":28,"column":26},"end":{"line":28,"column":41}},{"start":{"line":28,"column":45},"end":{"line":28,"column":64}}]},"4":{"loc":{"start":{"line":31,"column":9},"end":{"line":34,"column":3}},"type":"if","locations":[{"start":{"line":31,"column":9},"end":{"line":34,"column":3}},{"start":{},"end":{}}]},"5":{"loc":{"start":{"line":36,"column":2},"end":{"line":40,"column":3}},"type":"if","locations":[{"start":{"line":36,"column":2},"end":{"line":40,"column":3}},{"start":{},"end":{}}]},"6":{"loc":{"start":{"line":36,"column":6},"end":{"line":36,"column":33}},"type":"binary-expr","locations":[{"start":{"line":36,"column":6},"end":{"line":36,"column":18}},{"start":{"line":36,"column":22},"end":{"line":36,"column":33}}]}},"s":{"0":0,"1":0,"2":0,"3":0,"4":0,"5":0,"6":0,"7":0,"8":0,"9":0,"10":0,"11":0,"12":0,"13":0,"14":0,"15":0,"16":0,"17":0,"18":0,"19":0,"20":0,"21":0,"22":0,"23":0},"f":{"0":0},"b":{"0":[0,0],"1":[0,0],"2":[0,0],"3":[0,0,0],"4":[0,0],"5":[0,0],"6":[0,0]}}
,"/Users/lingoace/IdeaProjects/dream-writer/server/src/utils/retry.ts": {"path":"/Users/lingoace/IdeaProjects/dream-writer/server/src/utils/retry.ts","statementMap":{"0":{"start":{"line":35,"column":0},"end":{"line":35,"column":7}},"1":{"start":{"line":7,"column":28},"end":{"line":7,"column":76}},"2":{"start":{"line":8,"column":30},"end":{"line":8,"column":83}},"3":{"start":{"line":11,"column":2},"end":{"line":18,"column":3}},"4":{"start":{"line":12,"column":24},"end":{"line":12,"column":68}},"5":{"start":{"line":13,"column":4},"end":{"line":15,"column":5}},"6":{"start":{"line":14,"column":6},"end":{"line":14,"column":55}},"7":{"start":{"line":17,"column":4},"end":{"line":17,"column":17}},"8":{"start":{"line":21,"column":2},"end":{"line":23,"column":3}},"9":{"start":{"line":22,"column":4},"end":{"line":22,"column":16}},"10":{"start":{"line":25,"column":2},"end":{"line":30,"column":3}},"11":{"start":{"line":26,"column":18},"end":{"line":26,"column":49}},"12":{"start":{"line":27,"column":4},"end":{"line":29,"column":5}},"13":{"start":{"line":28,"column":6},"end":{"line":28,"column":18}},"14":{"start":{"line":32,"column":2},"end":{"line":32,"column":15}},"15":{"start":{"line":39,"column":21},"end":{"line":39,"column":63}},"16":{"start":{"line":40,"column":22},"end":{"line":40,"column":67}},"17":{"start":{"line":41,"column":22},"end":{"line":41,"column":62}},"18":{"start":{"line":44,"column":2},"end":{"line":57,"column":3}},"19":{"start":{"line":44,"column":21},"end":{"line":44,"column":22}},"20":{"start":{"line":45,"column":4},"end":{"line":56,"column":5}},"21":{"start":{"line":46,"column":6},"end":{"line":46,"column":24}},"22":{"start":{"line":48,"column":6},"end":{"line":48,"column":24}},"23":{"start":{"line":49,"column":6},"end":{"line":51,"column":7}},"24":{"start":{"line":50,"column":8},"end":{"line":50,"column":20}},"25":{"start":{"line":52,"column":20},"end":{"line":52,"column":88}},"26":{"start":{"line":53,"column":21},"end":{"line":53,"column":75}},"27":{"start":{"line":54,"column":6},"end":{"line":54,"column":95}},"28":{"start":{"line":55,"column":6},"end":{"line":55,"column":65}},"29":{"start":{"line":55,"column":37},"end":{"line":55,"column":63}},"30":{"start":{"line":58,"column":2},"end":{"line":58,"column":18}}},"fnMap":{"0":{"name":"isRetryableError","decl":{"start":{"line":10,"column":9},"end":{"line":10,"column":25}},"loc":{"start":{"line":10,"column":40},"end":{"line":33,"column":1}}},"1":{"name":"withRetry","decl":{"start":{"line":35,"column":22},"end":{"line":35,"column":31}},"loc":{"start":{"line":37,"column":24},"end":{"line":59,"column":1}}},"2":{"name":"(anonymous_2)","decl":{"start":{"line":55,"column":24},"end":{"line":55,"column":25}},"loc":{"start":{"line":55,"column":37},"end":{"line":55,"column":63}}}},"branchMap":{"0":{"loc":{"start":{"line":7,"column":37},"end":{"line":7,"column":71}},"type":"binary-expr","locations":[{"start":{"line":7,"column":37},"end":{"line":7,"column":64}},{"start":{"line":7,"column":68},"end":{"line":7,"column":71}}]},"1":{"loc":{"start":{"line":8,"column":39},"end":{"line":8,"column":78}},"type":"binary-expr","locations":[{"start":{"line":8,"column":39},"end":{"line":8,"column":68}},{"start":{"line":8,"column":72},"end":{"line":8,"column":78}}]},"2":{"loc":{"start":{"line":11,"column":2},"end":{"line":18,"column":3}},"type":"if","locations":[{"start":{"line":11,"column":2},"end":{"line":18,"column":3}},{"start":{},"end":{}}]},"3":{"loc":{"start":{"line":11,"column":6},"end":{"line":11,"column":57}},"type":"binary-expr","locations":[{"start":{"line":11,"column":6},"end":{"line":11,"column":28}},{"start":{"line":11,"column":32},"end":{"line":11,"column":57}}]},"4":{"loc":{"start":{"line":13,"column":4},"end":{"line":15,"column":5}},"type":"if","locations":[{"start":{"line":13,"column":4},"end":{"line":15,"column":5}},{"start":{},"end":{}}]},"5":{"loc":{"start":{"line":21,"column":2},"end":{"line":23,"column":3}},"type":"if","locations":[{"start":{"line":21,"column":2},"end":{"line":23,"column":3}},{"start":{},"end":{}}]},"6":{"loc":{"start":{"line":25,"column":2},"end":{"line":30,"column":3}},"type":"if","locations":[{"start":{"line":25,"column":2},"end":{"line":30,"column":3}},{"start":{},"end":{}}]},"7":{"loc":{"start":{"line":25,"column":6},"end":{"line":25,"column":59}},"type":"binary-expr","locations":[{"start":{"line":25,"column":6},"end":{"line":25,"column":11}},{"start":{"line":25,"column":15},"end":{"line":25,"column":40}},{"start":{"line":25,"column":44},"end":{"line":25,"column":59}}]},"8":{"loc":{"start":{"line":27,"column":4},"end":{"line":29,"column":5}},"type":"if","locations":[{"start":{"line":27,"column":4},"end":{"line":29,"column":5}},{"start":{},"end":{}}]},"9":{"loc":{"start":{"line":39,"column":21},"end":{"line":39,"column":63}},"type":"binary-expr","locations":[{"start":{"line":39,"column":21},"end":{"line":39,"column":40}},{"start":{"line":39,"column":44},"end":{"line":39,"column":63}}]},"10":{"loc":{"start":{"line":40,"column":22},"end":{"line":40,"column":67}},"type":"binary-expr","locations":[{"start":{"line":40,"column":22},"end":{"line":40,"column":42}},{"start":{"line":40,"column":46},"end":{"line":40,"column":67}}]},"11":{"loc":{"start":{"line":41,"column":22},"end":{"line":41,"column":62}},"type":"binary-expr","locations":[{"start":{"line":41,"column":22},"end":{"line":41,"column":42}},{"start":{"line":41,"column":46},"end":{"line":41,"column":62}}]},"12":{"loc":{"start":{"line":49,"column":6},"end":{"line":51,"column":7}},"type":"if","locations":[{"start":{"line":49,"column":6},"end":{"line":51,"column":7}},{"start":{},"end":{}}]},"13":{"loc":{"start":{"line":49,"column":10},"end":{"line":49,"column":54}},"type":"binary-expr","locations":[{"start":{"line":49,"column":10},"end":{"line":49,"column":31}},{"start":{"line":49,"column":35},"end":{"line":49,"column":54}}]},"14":{"loc":{"start":{"line":53,"column":21},"end":{"line":53,"column":75}},"type":"cond-expr","locations":[{"start":{"line":53,"column":46},"end":{"line":53,"column":59}},{"start":{"line":53,"column":62},"end":{"line":53,"column":75}}]}},"s":{"0":3,"1":3,"2":3,"3":1,"4":1,"5":1,"6":0,"7":1,"8":0,"9":0,"10":0,"11":0,"12":0,"13":0,"14":0,"15":5,"16":5,"17":5,"18":5,"19":5,"20":9,"21":9,"22":7,"23":7,"24":3,"25":4,"26":4,"27":4,"28":4,"29":4,"30":0},"f":{"0":1,"1":5,"2":4},"b":{"0":[3,3],"1":[3,3],"2":[1,0],"3":[1,1],"4":[0,1],"5":[0,0],"6":[0,0],"7":[0,0,0],"8":[0,0],"9":[5,2],"10":[5,2],"11":[5,2],"12":[3,4],"13":[7,6],"14":[4,0]}}
}
