TN:
SF:src/middleware/errorHandler.ts
FN:6,(anonymous_0)
FN:17,errorHandler
FNF:2
FNH:2
FNDA:2,(anonymous_0)
FNDA:4,errorHandler
DA:2,1
DA:3,1
DA:5,1
DA:7,2
DA:9,2
DA:10,2
DA:12,2
DA:13,2
DA:17,1
DA:18,4
DA:21,3
DA:22,1
DA:26,1
DA:30,2
DA:31,0
DA:35,0
DA:39,2
DA:40,1
DA:41,1
DA:49,1
DA:53,1
DA:54,1
LF:22
LH:20
BRDA:18,0,0,1
BRDA:18,0,1,3
BRDA:21,1,0,1
BRDA:21,1,1,2
BRDA:30,2,0,0
BRDA:30,2,1,2
BRDA:33,3,0,0
BRDA:33,3,1,0
BRDA:39,4,0,1
BRDA:39,4,1,1
BRDA:40,5,0,1
BRDA:40,5,1,0
BRDA:40,6,0,0
BRDA:40,6,1,0
BRDA:46,7,0,0
BRDA:46,7,1,1
BRF:16
BRH:9
end_of_record
TN:
SF:src/services/StyleService.ts
FN:5,getStyleProfile
FN:64,buildStylePrompt
FN:194,removeAISmell
FN:211,enhanceText
FN:232,generateStyledContent
FNF:5
FNH:2
FNDA:0,getStyleProfile
FNDA:8,buildStylePrompt
FNDA:5,removeAISmell
FNDA:0,enhanceText
FNDA:0,generateStyledContent
DA:1,1
DA:2,1
DA:5,1
DA:20,0
DA:27,0
DA:29,0
DA:46,0
DA:64,1
DA:65,8
DA:68,8
DA:70,1
DA:71,1
DA:73,7
DA:74,7
DA:76,0
DA:77,0
DA:81,8
DA:83,8
DA:84,8
DA:86,0
DA:87,0
DA:91,8
DA:93,0
DA:94,0
DA:96,7
DA:97,7
DA:99,1
DA:100,1
DA:104,8
DA:106,0
DA:107,0
DA:109,0
DA:110,0
DA:112,8
DA:113,8
DA:117,8
DA:119,7
DA:120,7
DA:122,1
DA:123,1
DA:125,0
DA:126,0
DA:130,8
DA:132,0
DA:133,0
DA:135,8
DA:136,8
DA:138,0
DA:139,0
DA:143,8
DA:145,0
DA:146,0
DA:148,8
DA:149,8
DA:151,0
DA:152,0
DA:156,8
DA:158,0
DA:159,0
DA:161,7
DA:162,7
DA:164,0
DA:165,0
DA:167,1
DA:168,1
DA:172,8
DA:173,7
DA:175,8
DA:176,8
DA:178,8
DA:179,8
DA:181,8
DA:182,8
DA:186,8
DA:187,1
DA:190,8
DA:194,1
DA:195,5
DA:197,5
DA:198,455
DA:202,5
DA:205,5
DA:207,5
DA:211,1
DA:212,0
DA:215,0
DA:216,0
DA:220,0
DA:223,0
DA:226,0
DA:228,0
DA:232,1
DA:237,0
DA:240,0
DA:242,0
LF:95
LH:57
BRDA:27,0,0,0
BRDA:27,0,1,0
BRDA:59,1,0,0
BRDA:59,1,1,0
BRDA:68,2,0,1
BRDA:68,2,1,7
BRDA:68,2,2,0
BRDA:81,3,0,8
BRDA:81,3,1,0
BRDA:91,4,0,0
BRDA:91,4,1,7
BRDA:91,4,2,1
BRDA:104,5,0,0
BRDA:104,5,1,0
BRDA:104,5,2,8
BRDA:117,6,0,7
BRDA:117,6,1,1
BRDA:117,6,2,0
BRDA:130,7,0,0
BRDA:130,7,1,8
BRDA:130,7,2,0
BRDA:143,8,0,0
BRDA:143,8,1,8
BRDA:143,8,2,0
BRDA:156,9,0,0
BRDA:156,9,1,7
BRDA:156,9,2,0
BRDA:156,9,3,1
BRDA:172,10,0,7
BRDA:172,10,1,1
BRDA:175,11,0,8
BRDA:175,11,1,0
BRDA:178,12,0,8
BRDA:178,12,1,0
BRDA:181,13,0,8
BRDA:181,13,1,0
BRDA:186,14,0,1
BRDA:186,14,1,7
BRDA:215,15,0,0
BRDA:215,15,1,0
BRDA:215,16,0,0
BRDA:215,16,1,0
BRF:42
BRH:19
end_of_record
TN:
SF:src/services/llm/LlmInvokeService.ts
FN:35,clearLlmConfigCache
FN:39,resolveModelConfig
FN:82,buildPrompt
FN:97,extractOpenAIStreamDelta
FN:116,(anonymous_4)
FN:130,(anonymous_5)
FN:137,(anonymous_6)
FN:140,(anonymous_7)
FN:210,(anonymous_8)
FN:224,(anonymous_9)
FN:277,(anonymous_10)
FNF:11
FNH:5
FNDA:0,clearLlmConfigCache
FNDA:1,resolveModelConfig
FNDA:0,buildPrompt
FNDA:0,extractOpenAIStreamDelta
FNDA:5,(anonymous_4)
FNDA:1,(anonymous_5)
FNDA:1,(anonymous_6)
FNDA:1,(anonymous_7)
FNDA:0,(anonymous_8)
FNDA:0,(anonymous_9)
FNDA:0,(anonymous_10)
DA:2,2
DA:9,2
DA:10,2
DA:11,2
DA:31,2
DA:32,2
DA:35,2
DA:36,0
DA:40,1
DA:41,0
DA:45,1
DA:46,1
DA:47,1
DA:48,1
DA:49,1
DA:60,1
DA:61,1
DA:62,1
DA:65,1
DA:69,1
DA:71,1
DA:72,1
DA:73,1
DA:75,0
DA:78,0
DA:79,0
DA:83,0
DA:98,0
DA:99,0
DA:101,0
DA:102,0
DA:103,0
DA:105,0
DA:106,0
DA:109,0
DA:111,0
DA:115,2
DA:118,5
DA:119,5
DA:120,5
DA:124,5
DA:125,5
DA:129,2
DA:137,1
DA:147,1
DA:148,1
DA:149,1
DA:153,1
DA:154,1
DA:155,1
DA:156,1
DA:158,1
DA:159,1
DA:162,0
DA:168,0
DA:169,0
DA:171,0
DA:174,0
DA:175,0
DA:176,0
DA:178,0
DA:196,0
DA:197,0
DA:200,0
DA:203,0
DA:204,0
DA:205,0
DA:207,0
DA:217,0
DA:218,0
DA:220,0
DA:225,0
DA:226,0
DA:227,0
DA:230,0
DA:248,0
DA:249,0
DA:252,0
DA:253,0
DA:254,0
DA:255,0
DA:256,0
DA:257,0
DA:258,0
DA:260,0
DA:261,0
DA:262,0
DA:263,0
DA:264,0
DA:265,0
DA:266,0
DA:271,0
DA:272,0
DA:273,0
DA:278,0
DA:279,0
DA:280,0
DA:283,0
DA:300,0
DA:301,0
DA:304,0
DA:305,0
DA:306,0
DA:307,0
DA:308,0
DA:309,0
DA:310,0
DA:312,0
DA:313,0
DA:314,0
DA:315,0
DA:316,0
DA:317,0
DA:318,0
DA:323,0
DA:324,0
DA:325,0
LF:117
LH:38
BRDA:40,0,0,0
BRDA:40,0,1,1
BRDA:40,1,0,1
BRDA:40,1,1,0
BRDA:48,2,0,1
BRDA:48,2,1,0
BRDA:52,3,0,1
BRDA:52,3,1,0
BRDA:52,3,2,0
BRDA:60,4,0,1
BRDA:60,4,1,0
BRDA:61,5,0,1
BRDA:61,5,1,1
BRDA:62,6,0,1
BRDA:62,6,1,1
BRDA:62,6,2,1
BRDA:65,7,0,1
BRDA:65,7,1,1
BRDA:65,7,2,1
BRDA:65,7,3,0
BRDA:69,8,0,1
BRDA:69,8,1,1
BRDA:71,9,0,1
BRDA:71,9,1,0
BRDA:71,10,0,1
BRDA:71,10,1,1
BRDA:88,11,0,0
BRDA:88,11,1,0
BRDA:89,12,0,0
BRDA:89,12,1,0
BRDA:90,13,0,0
BRDA:90,13,1,0
BRDA:92,14,0,0
BRDA:92,14,1,0
BRDA:93,15,0,0
BRDA:93,15,1,0
BRDA:98,16,0,0
BRDA:98,16,1,0
BRDA:102,17,0,0
BRDA:102,17,1,0
BRDA:102,18,0,0
BRDA:102,18,1,0
BRDA:109,19,0,0
BRDA:109,19,1,0
BRDA:148,20,0,1
BRDA:148,20,1,0
BRDA:148,20,2,0
BRDA:149,21,0,1
BRDA:149,21,1,1
BRDA:153,22,0,1
BRDA:153,22,1,0
BRDA:153,23,0,1
BRDA:153,23,1,1
BRDA:154,24,0,1
BRDA:154,24,1,1
BRDA:154,24,2,0
BRDA:156,25,0,1
BRDA:156,25,1,1
BRDA:158,26,0,1
BRDA:158,26,1,0
BRDA:158,27,0,1
BRDA:158,27,1,1
BRDA:168,28,0,0
BRDA:168,28,1,0
BRDA:176,29,0,0
BRDA:176,29,1,0
BRDA:182,30,0,0
BRDA:182,30,1,0
BRDA:187,31,0,0
BRDA:187,31,1,0
BRDA:188,32,0,0
BRDA:188,32,1,0
BRDA:190,33,0,0
BRDA:190,33,1,0
BRDA:196,34,0,0
BRDA:196,34,1,0
BRDA:204,35,0,0
BRDA:204,35,1,0
BRDA:226,36,0,0
BRDA:226,36,1,0
BRDA:234,37,0,0
BRDA:234,37,1,0
BRDA:239,38,0,0
BRDA:239,38,1,0
BRDA:240,39,0,0
BRDA:240,39,1,0
BRDA:242,40,0,0
BRDA:242,40,1,0
BRDA:248,41,0,0
BRDA:248,41,1,0
BRDA:248,42,0,0
BRDA:248,42,1,0
BRDA:257,43,0,0
BRDA:257,43,1,0
BRDA:262,44,0,0
BRDA:262,44,1,0
BRDA:265,45,0,0
BRDA:265,45,1,0
BRDA:271,46,0,0
BRDA:271,46,1,0
BRDA:273,47,0,0
BRDA:273,47,1,0
BRDA:279,48,0,0
BRDA:279,48,1,0
BRDA:287,49,0,0
BRDA:287,49,1,0
BRDA:300,50,0,0
BRDA:300,50,1,0
BRDA:300,51,0,0
BRDA:300,51,1,0
BRDA:309,52,0,0
BRDA:309,52,1,0
BRDA:314,53,0,0
BRDA:314,53,1,0
BRDA:317,54,0,0
BRDA:317,54,1,0
BRDA:323,55,0,0
BRDA:323,55,1,0
BRDA:325,56,0,0
BRDA:325,56,1,0
BRF:120
BRH:31
end_of_record
TN:
SF:src/utils/crypto.ts
FN:8,getEncryptionKey
FN:16,deriveKey
FN:20,encryptApiKey
FN:30,decryptApiKey
FNF:4
FNH:4
FNDA:13,getEncryptionKey
FNDA:12,deriveKey
FNDA:6,encryptApiKey
FNDA:9,decryptApiKey
DA:1,3
DA:3,3
DA:4,3
DA:5,3
DA:6,3
DA:9,13
DA:10,13
DA:11,1
DA:13,12
DA:17,12
DA:20,3
DA:21,6
DA:22,6
DA:23,6
DA:24,6
DA:25,6
DA:27,6
DA:30,3
DA:31,9
DA:32,9
DA:33,2
DA:35,7
DA:36,7
DA:37,7
DA:38,7
DA:39,7
DA:40,6
DA:41,6
DA:42,5
LF:29
LH:29
BRDA:10,0,0,1
BRDA:10,0,1,12
BRDA:32,1,0,2
BRDA:32,1,1,7
BRF:4
BRH:4
end_of_record
TN:
SF:src/utils/parseJson.ts
FN:6,parseLlmJson
FNF:1
FNH:0
FNDA:0,parseLlmJson
DA:6,0
DA:7,0
DA:10,0
DA:11,0
DA:15,0
DA:16,0
DA:17,0
DA:18,0
DA:23,0
DA:24,0
DA:25,0
DA:26,0
DA:28,0
DA:29,0
DA:30,0
DA:31,0
DA:32,0
DA:33,0
DA:36,0
DA:37,0
DA:38,0
DA:43,0
DA:44,0
LF:23
LH:0
BRDA:7,0,0,0
BRDA:7,0,1,0
BRDA:16,1,0,0
BRDA:16,1,1,0
BRDA:28,2,0,0
BRDA:28,2,1,0
BRDA:28,3,0,0
BRDA:28,3,1,0
BRDA:28,3,2,0
BRDA:31,4,0,0
BRDA:31,4,1,0
BRDA:36,5,0,0
BRDA:36,5,1,0
BRDA:36,6,0,0
BRDA:36,6,1,0
BRF:15
BRH:0
end_of_record
TN:
SF:src/utils/retry.ts
FN:10,isRetryableError
FN:35,withRetry
FN:55,(anonymous_2)
FNF:3
FNH:3
FNDA:1,isRetryableError
FNDA:5,withRetry
FNDA:4,(anonymous_2)
DA:7,3
DA:8,3
DA:11,1
DA:12,1
DA:13,1
DA:14,0
DA:17,1
DA:21,0
DA:22,0
DA:25,0
DA:26,0
DA:27,0
DA:28,0
DA:32,0
DA:35,3
DA:39,5
DA:40,5
DA:41,5
DA:44,5
DA:45,9
DA:46,9
DA:48,7
DA:49,7
DA:50,3
DA:52,4
DA:53,4
DA:54,4
DA:55,4
DA:58,0
LF:29
LH:20
BRDA:7,0,0,3
BRDA:7,0,1,3
BRDA:8,1,0,3
BRDA:8,1,1,3
BRDA:11,2,0,1
BRDA:11,2,1,0
BRDA:11,3,0,1
BRDA:11,3,1,1
BRDA:13,4,0,0
BRDA:13,4,1,1
BRDA:21,5,0,0
BRDA:21,5,1,0
BRDA:25,6,0,0
BRDA:25,6,1,0
BRDA:25,7,0,0
BRDA:25,7,1,0
BRDA:25,7,2,0
BRDA:27,8,0,0
BRDA:27,8,1,0
BRDA:39,9,0,5
BRDA:39,9,1,2
BRDA:40,10,0,5
BRDA:40,10,1,2
BRDA:41,11,0,5
BRDA:41,11,1,2
BRDA:49,12,0,3
BRDA:49,12,1,4
BRDA:49,13,0,7
BRDA:49,13,1,6
BRDA:53,14,0,4
BRDA:53,14,1,0
BRF:31
BRH:19
end_of_record
